<?xml version="1.0" encoding="UTF-8"?>
<testsuite name="bg.softuni.minchevparquet.model.dto.PadDetailsDTOTest" tests="2" skipped="0" failures="0" errors="0" timestamp="2024-08-14T14:56:19" hostname="DESKTOP-K5UUR2P" time="0.003">
  <properties/>
  <testcase name="testPadDetailsDTODefaultConstructor()" classname="bg.softuni.minchevparquet.model.dto.PadDetailsDTOTest" time="0.002"/>
  <testcase name="testPadDetailsDTOGettersAndSetters()" classname="bg.softuni.minchevparquet.model.dto.PadDetailsDTOTest" time="0.0"/>
  <system-out><![CDATA[]]></system-out>
  <system-err><![CDATA[]]></system-err>
</testsuite>
