<?xml version="1.0" encoding="UTF-8"?>
<testsuite name="bg.softuni.minchevparquet.web.LoginControllerIT" tests="3" skipped="0" failures="0" errors="0" timestamp="2024-08-14T11:33:44" hostname="DESKTOP-K5UUR2P" time="0.934">
  <properties/>
  <testcase name="testRenameUser_Success()" classname="bg.softuni.minchevparquet.web.LoginControllerIT" time="0.146"/>
  <testcase name="testViewLogin()" classname="bg.softuni.minchevparquet.web.LoginControllerIT" time="0.776"/>
  <testcase name="testViewLoginError()" classname="bg.softuni.minchevparquet.web.LoginControllerIT" time="0.01"/>
  <system-out><![CDATA[2024-08-14T14:33:42.738+03:00  INFO 4308 --- [MinchevParquet] [    Test worker] t.c.s.AnnotationConfigContextLoaderUtils : Could not detect default configuration classes for test class [bg.softuni.minchevparquet.web.LoginControllerIT]: LoginControllerIT does not declare any static, non-private, non-final, nested classes annotated with @Configuration.
2024-08-14T14:33:42.759+03:00  INFO 4308 --- [MinchevParquet] [    Test worker] .b.t.c.SpringBootTestContextBootstrapper : Found @SpringBootConfiguration bg.softuni.minchevparquet.MinchevParquetApplication for test class bg.softuni.minchevparquet.web.LoginControllerIT

  .   ____          _            __ _ _
 /\\ / ___'_ __ _ _(_)_ __  __ _ \ \ \ \
( ( )\___ | '_ | '_| | '_ \/ _` | \ \ \ \
 \\/  ___)| |_)| | | | | || (_| |  ) ) ) )
  '  |____| .__|_| |_|_| |_\__, | / / / /
 =========|_|==============|___/=/_/_/_/

 :: Spring Boot ::                (v3.3.1)

2024-08-14T14:33:42.795+03:00  INFO 4308 --- [MinchevParquet] [    Test worker] b.s.m.web.LoginControllerIT              : Starting LoginControllerIT using Java 21.0.3 with PID 4308 (started by Marti in C:\Users\Marti\Desktop\MyFinalProject\MinchevParquet)
2024-08-14T14:33:42.795+03:00  INFO 4308 --- [MinchevParquet] [    Test worker] b.s.m.web.LoginControllerIT              : No active profile set, falling back to 1 default profile: "default"
2024-08-14T14:33:42.980+03:00  INFO 4308 --- [MinchevParquet] [    Test worker] .s.d.r.c.RepositoryConfigurationDelegate : Bootstrapping Spring Data JPA repositories in DEFAULT mode.
2024-08-14T14:33:43.001+03:00  INFO 4308 --- [MinchevParquet] [    Test worker] .s.d.r.c.RepositoryConfigurationDelegate : Finished Spring Data repository scanning in 20 ms. Found 6 JPA repository interfaces.
2024-08-14T14:33:43.128+03:00  INFO 4308 --- [MinchevParquet] [    Test worker] o.hibernate.jpa.internal.util.LogHelper  : HHH000204: Processing PersistenceUnitInfo [name: default]
2024-08-14T14:33:43.132+03:00  INFO 4308 --- [MinchevParquet] [    Test worker] o.h.c.internal.RegionFactoryInitiator    : HHH000026: Second-level cache disabled
2024-08-14T14:33:43.143+03:00  INFO 4308 --- [MinchevParquet] [    Test worker] o.s.o.j.p.SpringPersistenceUnitInfo      : No LoadTimeWeaver setup: ignoring JPA class transformer
2024-08-14T14:33:43.144+03:00  INFO 4308 --- [MinchevParquet] [    Test worker] com.zaxxer.hikari.HikariDataSource       : HikariPool-2 - Starting...
2024-08-14T14:33:43.165+03:00  INFO 4308 --- [MinchevParquet] [    Test worker] com.zaxxer.hikari.pool.PoolBase          : HikariPool-2 - Driver does not support get/set network timeout for connections. (feature not supported)
2024-08-14T14:33:43.165+03:00  INFO 4308 --- [MinchevParquet] [    Test worker] com.zaxxer.hikari.pool.HikariPool        : HikariPool-2 - Added connection org.hsqldb.jdbc.JDBCConnection@791a76b2
2024-08-14T14:33:43.165+03:00  INFO 4308 --- [MinchevParquet] [    Test worker] com.zaxxer.hikari.HikariDataSource       : HikariPool-2 - Start completed.
2024-08-14T14:33:43.301+03:00  INFO 4308 --- [MinchevParquet] [    Test worker] o.h.e.t.j.p.i.JtaPlatformInitiator       : HHH000489: No JTA platform available (set 'hibernate.transaction.jta.platform' to enable JTA platform integration)
2024-08-14T14:33:43.329+03:00  INFO 4308 --- [MinchevParquet] [    Test worker] j.LocalContainerEntityManagerFactoryBean : Initialized JPA EntityManagerFactory for persistence unit 'default'
2024-08-14T14:33:43.791+03:00  WARN 4308 --- [MinchevParquet] [    Test worker] JpaBaseConfiguration$JpaWebConfiguration : spring.jpa.open-in-view is enabled by default. Therefore, database queries may be performed during view rendering. Explicitly configure spring.jpa.open-in-view to disable this warning
2024-08-14T14:33:43.799+03:00  INFO 4308 --- [MinchevParquet] [    Test worker] r$InitializeUserDetailsManagerConfigurer : Global AuthenticationManager configured with UserDetailsService bean with name userDetailsService
2024-08-14T14:33:43.806+03:00  INFO 4308 --- [MinchevParquet] [    Test worker] o.s.b.a.w.s.WelcomePageHandlerMapping    : Adding welcome page template: index
2024-08-14T14:33:44.007+03:00  INFO 4308 --- [MinchevParquet] [    Test worker] o.s.b.t.m.w.SpringBootMockServletContext : Initializing Spring TestDispatcherServlet ''
2024-08-14T14:33:44.007+03:00  INFO 4308 --- [MinchevParquet] [    Test worker] o.s.t.web.servlet.TestDispatcherServlet  : Initializing Servlet ''
2024-08-14T14:33:44.008+03:00  INFO 4308 --- [MinchevParquet] [    Test worker] o.s.t.web.servlet.TestDispatcherServlet  : Completed initialization in 0 ms
2024-08-14T14:33:44.018+03:00  INFO 4308 --- [MinchevParquet] [    Test worker] b.s.m.web.LoginControllerIT              : Started LoginControllerIT in 1.256 seconds (process running for 14.983)
]]></system-out>
  <system-err><![CDATA[]]></system-err>
</testsuite>
