<?xml version="1.0" encoding="UTF-8"?>
<testsuite name="bg.softuni.minchevparquet.MinchevParquetApplicationTests" tests="1" skipped="0" failures="0" errors="0" timestamp="2024-08-15T00:18:00" hostname="DESKTOP-K5UUR2P" time="0.957">
  <properties/>
  <testcase name="contextLoads()" classname="bg.softuni.minchevparquet.MinchevParquetApplicationTests" time="0.957"/>
  <system-out><![CDATA[03:17:50.739 [Test worker] INFO org.springframework.test.context.support.AnnotationConfigContextLoaderUtils -- Could not detect default configuration classes for test class [bg.softuni.minchevparquet.MinchevParquetApplicationTests]: MinchevParquetApplicationTests does not declare any static, non-private, non-final, nested classes annotated with @Configuration.
03:17:50.918 [Test worker] INFO org.springframework.boot.test.context.SpringBootTestContextBootstrapper -- Found @SpringBootConfiguration bg.softuni.minchevparquet.MinchevParquetApplication for test class bg.softuni.minchevparquet.MinchevParquetApplicationTests

  .   ____          _            __ _ _
 /\\ / ___'_ __ _ _(_)_ __  __ _ \ \ \ \
( ( )\___ | '_ | '_| | '_ \/ _` | \ \ \ \
 \\/  ___)| |_)| | | | | || (_| |  ) ) ) )
  '  |____| .__|_| |_|_| |_\__, | / / / /
 =========|_|==============|___/=/_/_/_/

 :: Spring Boot ::                (v3.3.1)

2024-08-15T03:17:51.759+03:00  INFO 17600 --- [MinchevParquet] [    Test worker] b.s.m.MinchevParquetApplicationTests     : Starting MinchevParquetApplicationTests using Java 21.0.3 with PID 17600 (started by Marti in C:\Users\Marti\Desktop\MyFinalProject\MinchevParquet)
2024-08-15T03:17:51.761+03:00  INFO 17600 --- [MinchevParquet] [    Test worker] b.s.m.MinchevParquetApplicationTests     : No active profile set, falling back to 1 default profile: "default"
2024-08-15T03:17:52.964+03:00  INFO 17600 --- [MinchevParquet] [    Test worker] .s.d.r.c.RepositoryConfigurationDelegate : Bootstrapping Spring Data JPA repositories in DEFAULT mode.
2024-08-15T03:17:53.072+03:00  INFO 17600 --- [MinchevParquet] [    Test worker] .s.d.r.c.RepositoryConfigurationDelegate : Finished Spring Data repository scanning in 96 ms. Found 6 JPA repository interfaces.
2024-08-15T03:17:53.867+03:00  INFO 17600 --- [MinchevParquet] [    Test worker] o.hibernate.jpa.internal.util.LogHelper  : HHH000204: Processing PersistenceUnitInfo [name: default]
2024-08-15T03:17:53.988+03:00  INFO 17600 --- [MinchevParquet] [    Test worker] org.hibernate.Version                    : HHH000412: Hibernate ORM core version 6.5.2.Final
2024-08-15T03:17:54.056+03:00  INFO 17600 --- [MinchevParquet] [    Test worker] o.h.c.internal.RegionFactoryInitiator    : HHH000026: Second-level cache disabled
2024-08-15T03:17:54.600+03:00  INFO 17600 --- [MinchevParquet] [    Test worker] o.s.o.j.p.SpringPersistenceUnitInfo      : No LoadTimeWeaver setup: ignoring JPA class transformer
2024-08-15T03:17:54.656+03:00  INFO 17600 --- [MinchevParquet] [    Test worker] com.zaxxer.hikari.HikariDataSource       : HikariPool-1 - Starting...
2024-08-15T03:17:55.074+03:00  INFO 17600 --- [MinchevParquet] [    Test worker] com.zaxxer.hikari.pool.PoolBase          : HikariPool-1 - Driver does not support get/set network timeout for connections. (feature not supported)
2024-08-15T03:17:55.076+03:00  INFO 17600 --- [MinchevParquet] [    Test worker] com.zaxxer.hikari.pool.HikariPool        : HikariPool-1 - Added connection org.hsqldb.jdbc.JDBCConnection@37a12b10
2024-08-15T03:17:55.079+03:00  INFO 17600 --- [MinchevParquet] [    Test worker] com.zaxxer.hikari.HikariDataSource       : HikariPool-1 - Start completed.
2024-08-15T03:17:57.075+03:00  INFO 17600 --- [MinchevParquet] [    Test worker] o.h.e.t.j.p.i.JtaPlatformInitiator       : HHH000489: No JTA platform available (set 'hibernate.transaction.jta.platform' to enable JTA platform integration)
2024-08-15T03:17:57.194+03:00  INFO 17600 --- [MinchevParquet] [    Test worker] j.LocalContainerEntityManagerFactoryBean : Initialized JPA EntityManagerFactory for persistence unit 'default'
2024-08-15T03:17:59.301+03:00  WARN 17600 --- [MinchevParquet] [    Test worker] JpaBaseConfiguration$JpaWebConfiguration : spring.jpa.open-in-view is enabled by default. Therefore, database queries may be performed during view rendering. Explicitly configure spring.jpa.open-in-view to disable this warning
2024-08-15T03:17:59.361+03:00  INFO 17600 --- [MinchevParquet] [    Test worker] r$InitializeUserDetailsManagerConfigurer : Global AuthenticationManager configured with UserDetailsService bean with name userDetailsService
2024-08-15T03:17:59.503+03:00  INFO 17600 --- [MinchevParquet] [    Test worker] o.s.b.a.w.s.WelcomePageHandlerMapping    : Adding welcome page template: index
2024-08-15T03:18:00.313+03:00  INFO 17600 --- [MinchevParquet] [    Test worker] b.s.m.MinchevParquetApplicationTests     : Started MinchevParquetApplicationTests in 9.106 seconds (process running for 11.343)
]]></system-out>
  <system-err><![CDATA[WARNING: A Java agent has been loaded dynamically (C:\Users\Marti\.gradle\caches\modules-2\files-2.1\net.bytebuddy\byte-buddy-agent\1.14.17\e3c251a39dc90badaf71c83427ba46840f219d8d\byte-buddy-agent-1.14.17.jar)
WARNING: If a serviceability tool is in use, please run with -XX:+EnableDynamicAgentLoading to hide this warning
WARNING: If a serviceability tool is not in use, please run with -Djdk.instrument.traceUsage for more information
WARNING: Dynamic loading of agents will be disallowed by default in a future release
]]></system-err>
</testsuite>
