<?xml version="1.0" encoding="UTF-8"?>
<testsuite name="bg.softuni.minchevparquet.service.impl.PadServiceImplTest" tests="6" skipped="0" failures="0" errors="0" timestamp="2024-08-14T11:33:42" hostname="DESKTOP-K5UUR2P" time="0.355">
  <properties/>
  <testcase name="testCreatePadSuccess()" classname="bg.softuni.minchevparquet.service.impl.PadServiceImplTest" time="0.334"/>
  <testcase name="testGetPadDetailsNotFound()" classname="bg.softuni.minchevparquet.service.impl.PadServiceImplTest" time="0.003"/>
  <testcase name="testDeletePad()" classname="bg.softuni.minchevparquet.service.impl.PadServiceImplTest" time="0.003"/>
  <testcase name="testCreatePadModelNotFound()" classname="bg.softuni.minchevparquet.service.impl.PadServiceImplTest" time="0.003"/>
  <testcase name="testGetPadDetailsSuccess()" classname="bg.softuni.minchevparquet.service.impl.PadServiceImplTest" time="0.003"/>
  <testcase name="testGetAllPadsSummary()" classname="bg.softuni.minchevparquet.service.impl.PadServiceImplTest" time="0.005"/>
  <system-out><![CDATA[null
]]></system-out>
  <system-err><![CDATA[]]></system-err>
</testsuite>
