<?xml version="1.0" encoding="UTF-8"?>
<testsuite name="bg.softuni.minchevparquet.model.dto.ParquetRenameDTOTest" tests="1" skipped="0" failures="0" errors="0" timestamp="2024-08-14T11:33:41" hostname="DESKTOP-K5UUR2P" time="0.001">
  <properties/>
  <testcase name="testGettersAndSetters()" classname="bg.softuni.minchevparquet.model.dto.ParquetRenameDTOTest" time="0.001"/>
  <system-out><![CDATA[]]></system-out>
  <system-err><![CDATA[]]></system-err>
</testsuite>
