<?xml version="1.0" encoding="UTF-8"?>
<testsuite name="bg.softuni.minchevparquet.web.PadControllerIT" tests="5" skipped="0" failures="0" errors="0" timestamp="2024-08-14T11:33:46" hostname="DESKTOP-K5UUR2P" time="0.259">
  <properties/>
  <testcase name="testCreatePadValidationFailure()" classname="bg.softuni.minchevparquet.web.PadControllerIT" time="0.088"/>
  <testcase name="testCreatePadSuccess()" classname="bg.softuni.minchevparquet.web.PadControllerIT" time="0.016"/>
  <testcase name="testDeletePad()" classname="bg.softuni.minchevparquet.web.PadControllerIT" time="0.02"/>
  <testcase name="testAddPadPage()" classname="bg.softuni.minchevparquet.web.PadControllerIT" time="0.056"/>
  <testcase name="testHandleObjectNotFound()" classname="bg.softuni.minchevparquet.web.PadControllerIT" time="0.072"/>
  <system-out><![CDATA[2024-08-14T14:33:44.973+03:00  INFO 4308 --- [MinchevParquet] [    Test worker] t.c.s.AnnotationConfigContextLoaderUtils : Could not detect default configuration classes for test class [bg.softuni.minchevparquet.web.PadControllerIT]: PadControllerIT does not declare any static, non-private, non-final, nested classes annotated with @Configuration.
2024-08-14T14:33:44.975+03:00  INFO 4308 --- [MinchevParquet] [    Test worker] .b.t.c.SpringBootTestContextBootstrapper : Found @SpringBootConfiguration bg.softuni.minchevparquet.MinchevParquetApplication for test class bg.softuni.minchevparquet.web.PadControllerIT

  .   ____          _            __ _ _
 /\\ / ___'_ __ _ _(_)_ __  __ _ \ \ \ \
( ( )\___ | '_ | '_| | '_ \/ _` | \ \ \ \
 \\/  ___)| |_)| | | | | || (_| |  ) ) ) )
  '  |____| .__|_| |_|_| |_\__, | / / / /
 =========|_|==============|___/=/_/_/_/

 :: Spring Boot ::                (v3.3.1)

2024-08-14T14:33:45.002+03:00  INFO 4308 --- [MinchevParquet] [    Test worker] b.s.minchevparquet.web.PadControllerIT   : Starting PadControllerIT using Java 21.0.3 with PID 4308 (started by Marti in C:\Users\Marti\Desktop\MyFinalProject\MinchevParquet)
2024-08-14T14:33:45.002+03:00  INFO 4308 --- [MinchevParquet] [    Test worker] b.s.minchevparquet.web.PadControllerIT   : No active profile set, falling back to 1 default profile: "default"
2024-08-14T14:33:45.165+03:00  INFO 4308 --- [MinchevParquet] [    Test worker] .s.d.r.c.RepositoryConfigurationDelegate : Bootstrapping Spring Data JPA repositories in DEFAULT mode.
2024-08-14T14:33:45.184+03:00  INFO 4308 --- [MinchevParquet] [    Test worker] .s.d.r.c.RepositoryConfigurationDelegate : Finished Spring Data repository scanning in 17 ms. Found 6 JPA repository interfaces.
2024-08-14T14:33:45.283+03:00  INFO 4308 --- [MinchevParquet] [    Test worker] o.hibernate.jpa.internal.util.LogHelper  : HHH000204: Processing PersistenceUnitInfo [name: default]
2024-08-14T14:33:45.288+03:00  INFO 4308 --- [MinchevParquet] [    Test worker] o.h.c.internal.RegionFactoryInitiator    : HHH000026: Second-level cache disabled
2024-08-14T14:33:45.298+03:00  INFO 4308 --- [MinchevParquet] [    Test worker] o.s.o.j.p.SpringPersistenceUnitInfo      : No LoadTimeWeaver setup: ignoring JPA class transformer
2024-08-14T14:33:45.299+03:00  INFO 4308 --- [MinchevParquet] [    Test worker] com.zaxxer.hikari.HikariDataSource       : HikariPool-3 - Starting...
2024-08-14T14:33:45.323+03:00  INFO 4308 --- [MinchevParquet] [    Test worker] com.zaxxer.hikari.pool.PoolBase          : HikariPool-3 - Driver does not support get/set network timeout for connections. (feature not supported)
2024-08-14T14:33:45.324+03:00  INFO 4308 --- [MinchevParquet] [    Test worker] com.zaxxer.hikari.pool.HikariPool        : HikariPool-3 - Added connection org.hsqldb.jdbc.JDBCConnection@4a7f6c19
2024-08-14T14:33:45.324+03:00  INFO 4308 --- [MinchevParquet] [    Test worker] com.zaxxer.hikari.HikariDataSource       : HikariPool-3 - Start completed.
2024-08-14T14:33:45.468+03:00  INFO 4308 --- [MinchevParquet] [    Test worker] o.h.e.t.j.p.i.JtaPlatformInitiator       : HHH000489: No JTA platform available (set 'hibernate.transaction.jta.platform' to enable JTA platform integration)
2024-08-14T14:33:45.502+03:00  INFO 4308 --- [MinchevParquet] [    Test worker] j.LocalContainerEntityManagerFactoryBean : Initialized JPA EntityManagerFactory for persistence unit 'default'
2024-08-14T14:33:45.961+03:00  WARN 4308 --- [MinchevParquet] [    Test worker] JpaBaseConfiguration$JpaWebConfiguration : spring.jpa.open-in-view is enabled by default. Therefore, database queries may be performed during view rendering. Explicitly configure spring.jpa.open-in-view to disable this warning
2024-08-14T14:33:45.969+03:00  INFO 4308 --- [MinchevParquet] [    Test worker] r$InitializeUserDetailsManagerConfigurer : Global AuthenticationManager configured with UserDetailsService bean with name userDetailsService
2024-08-14T14:33:45.976+03:00  INFO 4308 --- [MinchevParquet] [    Test worker] o.s.b.a.w.s.WelcomePageHandlerMapping    : Adding welcome page template: index
2024-08-14T14:33:46.134+03:00  INFO 4308 --- [MinchevParquet] [    Test worker] o.s.b.t.m.w.SpringBootMockServletContext : Initializing Spring TestDispatcherServlet ''
2024-08-14T14:33:46.134+03:00  INFO 4308 --- [MinchevParquet] [    Test worker] o.s.t.web.servlet.TestDispatcherServlet  : Initializing Servlet ''
2024-08-14T14:33:46.135+03:00  INFO 4308 --- [MinchevParquet] [    Test worker] o.s.t.web.servlet.TestDispatcherServlet  : Completed initialization in 1 ms
2024-08-14T14:33:46.146+03:00  INFO 4308 --- [MinchevParquet] [    Test worker] b.s.minchevparquet.web.PadControllerIT   : Started PadControllerIT in 1.168 seconds (process running for 17.111)
]]></system-out>
  <system-err><![CDATA[]]></system-err>
</testsuite>
