<?xml version="1.0" encoding="UTF-8"?>
<testsuite name="bg.softuni.minchevparquet.model.entity.ParquetTest" tests="2" skipped="0" failures="0" errors="0" timestamp="2024-08-15T00:18:01" hostname="DESKTOP-K5UUR2P" time="0.002">
  <properties/>
  <testcase name="testParquetEntityDefaultConstructor()" classname="bg.softuni.minchevparquet.model.entity.ParquetTest" time="0.001"/>
  <testcase name="testParquetEntityGettersAndSetters()" classname="bg.softuni.minchevparquet.model.entity.ParquetTest" time="0.001"/>
  <system-out><![CDATA[]]></system-out>
  <system-err><![CDATA[]]></system-err>
</testsuite>
