<?xml version="1.0" encoding="UTF-8"?>
<testsuite name="bg.softuni.minchevparquet.service.impl.UserServiceImplTest" tests="4" skipped="0" failures="0" errors="0" timestamp="2024-08-14T11:33:42" hostname="DESKTOP-K5UUR2P" time="0.251">
  <properties/>
  <testcase name="testGetCurrentUserWhenNotAuthenticated()" classname="bg.softuni.minchevparquet.service.impl.UserServiceImplTest" time="0.115"/>
  <testcase name="testGetCurrentUserWhenPrincipalIsNotUserDetails()" classname="bg.softuni.minchevparquet.service.impl.UserServiceImplTest" time="0.027"/>
  <testcase name="testGetCurrentUserWhenAuthenticated()" classname="bg.softuni.minchevparquet.service.impl.UserServiceImplTest" time="0.053"/>
  <testcase name="testUserRegistration()" classname="bg.softuni.minchevparquet.service.impl.UserServiceImplTest" time="0.053"/>
  <system-out><![CDATA[]]></system-out>
  <system-err><![CDATA[]]></system-err>
</testsuite>
