<?xml version="1.0" encoding="UTF-8"?>
<testsuite name="bg.softuni.minchevparquet.model.entity.PadModelTest" tests="3" skipped="0" failures="0" errors="0" timestamp="2024-08-15T00:18:01" hostname="DESKTOP-K5UUR2P" time="0.003">
  <properties/>
  <testcase name="testPadModelGettersAndSetters()" classname="bg.softuni.minchevparquet.model.entity.PadModelTest" time="0.0"/>
  <testcase name="testPadModelDefaultConstructor()" classname="bg.softuni.minchevparquet.model.entity.PadModelTest" time="0.0"/>
  <testcase name="testPadModelConstructorWithArguments()" classname="bg.softuni.minchevparquet.model.entity.PadModelTest" time="0.001"/>
  <system-out><![CDATA[]]></system-out>
  <system-err><![CDATA[]]></system-err>
</testsuite>
