<?xml version="1.0" encoding="UTF-8"?>
<testsuite name="bg.softuni.minchevparquet.MinchevParquetApplicationTests" tests="1" skipped="0" failures="0" errors="0" timestamp="2024-08-14T11:33:40" hostname="DESKTOP-K5UUR2P" time="0.994">
  <properties/>
  <testcase name="contextLoads()" classname="bg.softuni.minchevparquet.MinchevParquetApplicationTests" time="0.994"/>
  <system-out><![CDATA[14:33:30.860 [Test worker] INFO org.springframework.test.context.support.AnnotationConfigContextLoaderUtils -- Could not detect default configuration classes for test class [bg.softuni.minchevparquet.MinchevParquetApplicationTests]: MinchevParquetApplicationTests does not declare any static, non-private, non-final, nested classes annotated with @Configuration.
14:33:31.045 [Test worker] INFO org.springframework.boot.test.context.SpringBootTestContextBootstrapper -- Found @SpringBootConfiguration bg.softuni.minchevparquet.MinchevParquetApplication for test class bg.softuni.minchevparquet.MinchevParquetApplicationTests

  .   ____          _            __ _ _
 /\\ / ___'_ __ _ _(_)_ __  __ _ \ \ \ \
( ( )\___ | '_ | '_| | '_ \/ _` | \ \ \ \
 \\/  ___)| |_)| | | | | || (_| |  ) ) ) )
  '  |____| .__|_| |_|_| |_\__, | / / / /
 =========|_|==============|___/=/_/_/_/

 :: Spring Boot ::                (v3.3.1)

2024-08-14T14:33:31.876+03:00  INFO 4308 --- [MinchevParquet] [    Test worker] b.s.m.MinchevParquetApplicationTests     : Starting MinchevParquetApplicationTests using Java 21.0.3 with PID 4308 (started by Marti in C:\Users\Marti\Desktop\MyFinalProject\MinchevParquet)
2024-08-14T14:33:31.879+03:00  INFO 4308 --- [MinchevParquet] [    Test worker] b.s.m.MinchevParquetApplicationTests     : No active profile set, falling back to 1 default profile: "default"
2024-08-14T14:33:33.124+03:00  INFO 4308 --- [MinchevParquet] [    Test worker] .s.d.r.c.RepositoryConfigurationDelegate : Bootstrapping Spring Data JPA repositories in DEFAULT mode.
2024-08-14T14:33:33.235+03:00  INFO 4308 --- [MinchevParquet] [    Test worker] .s.d.r.c.RepositoryConfigurationDelegate : Finished Spring Data repository scanning in 95 ms. Found 6 JPA repository interfaces.
2024-08-14T14:33:34.033+03:00  INFO 4308 --- [MinchevParquet] [    Test worker] o.hibernate.jpa.internal.util.LogHelper  : HHH000204: Processing PersistenceUnitInfo [name: default]
2024-08-14T14:33:34.155+03:00  INFO 4308 --- [MinchevParquet] [    Test worker] org.hibernate.Version                    : HHH000412: Hibernate ORM core version 6.5.2.Final
2024-08-14T14:33:34.224+03:00  INFO 4308 --- [MinchevParquet] [    Test worker] o.h.c.internal.RegionFactoryInitiator    : HHH000026: Second-level cache disabled
2024-08-14T14:33:34.760+03:00  INFO 4308 --- [MinchevParquet] [    Test worker] o.s.o.j.p.SpringPersistenceUnitInfo      : No LoadTimeWeaver setup: ignoring JPA class transformer
2024-08-14T14:33:34.832+03:00  INFO 4308 --- [MinchevParquet] [    Test worker] com.zaxxer.hikari.HikariDataSource       : HikariPool-1 - Starting...
2024-08-14T14:33:35.243+03:00  INFO 4308 --- [MinchevParquet] [    Test worker] com.zaxxer.hikari.pool.PoolBase          : HikariPool-1 - Driver does not support get/set network timeout for connections. (feature not supported)
2024-08-14T14:33:35.245+03:00  INFO 4308 --- [MinchevParquet] [    Test worker] com.zaxxer.hikari.pool.HikariPool        : HikariPool-1 - Added connection org.hsqldb.jdbc.JDBCConnection@51a4d9d4
2024-08-14T14:33:35.247+03:00  INFO 4308 --- [MinchevParquet] [    Test worker] com.zaxxer.hikari.HikariDataSource       : HikariPool-1 - Start completed.
2024-08-14T14:33:37.296+03:00  INFO 4308 --- [MinchevParquet] [    Test worker] o.h.e.t.j.p.i.JtaPlatformInitiator       : HHH000489: No JTA platform available (set 'hibernate.transaction.jta.platform' to enable JTA platform integration)
2024-08-14T14:33:37.420+03:00  INFO 4308 --- [MinchevParquet] [    Test worker] j.LocalContainerEntityManagerFactoryBean : Initialized JPA EntityManagerFactory for persistence unit 'default'
2024-08-14T14:33:39.617+03:00  WARN 4308 --- [MinchevParquet] [    Test worker] JpaBaseConfiguration$JpaWebConfiguration : spring.jpa.open-in-view is enabled by default. Therefore, database queries may be performed during view rendering. Explicitly configure spring.jpa.open-in-view to disable this warning
2024-08-14T14:33:39.680+03:00  INFO 4308 --- [MinchevParquet] [    Test worker] r$InitializeUserDetailsManagerConfigurer : Global AuthenticationManager configured with UserDetailsService bean with name userDetailsService
2024-08-14T14:33:39.821+03:00  INFO 4308 --- [MinchevParquet] [    Test worker] o.s.b.a.w.s.WelcomePageHandlerMapping    : Adding welcome page template: index
2024-08-14T14:33:40.643+03:00  INFO 4308 --- [MinchevParquet] [    Test worker] b.s.m.MinchevParquetApplicationTests     : Started MinchevParquetApplicationTests in 9.314 seconds (process running for 11.607)
]]></system-out>
  <system-err><![CDATA[WARNING: A Java agent has been loaded dynamically (C:\Users\Marti\.gradle\caches\modules-2\files-2.1\net.bytebuddy\byte-buddy-agent\1.14.17\e3c251a39dc90badaf71c83427ba46840f219d8d\byte-buddy-agent-1.14.17.jar)
WARNING: If a serviceability tool is in use, please run with -XX:+EnableDynamicAgentLoading to hide this warning
WARNING: If a serviceability tool is not in use, please run with -Djdk.instrument.traceUsage for more information
WARNING: Dynamic loading of agents will be disallowed by default in a future release
]]></system-err>
</testsuite>
