<?xml version="1.0" encoding="UTF-8"?>
<testsuite name="bg.softuni.minchevparquet.model.dto.PadSummaryDTOTest" tests="2" skipped="0" failures="0" errors="0" timestamp="2024-08-14T11:33:41" hostname="DESKTOP-K5UUR2P" time="0.003">
  <properties/>
  <testcase name="testPadSummaryDTOGettersAndSetters()" classname="bg.softuni.minchevparquet.model.dto.PadSummaryDTOTest" time="0.001"/>
  <testcase name="testPadSummaryDTODefaultConstructor()" classname="bg.softuni.minchevparquet.model.dto.PadSummaryDTOTest" time="0.001"/>
  <system-out><![CDATA[]]></system-out>
  <system-err><![CDATA[]]></system-err>
</testsuite>
